<?xml version="1.0" encoding="UTF-8"?>
<testng-results ignored="0" total="1" passed="1" failed="0" skipped="0">
  <reporter-output>
  </reporter-output>
  <suite started-at="2023-01-21T15:21:55 IST" name="Default suite" finished-at="2023-01-21T15:22:04 IST" duration-ms="8509">
    <groups>
    </groups>
    <test started-at="2023-01-21T15:21:55 IST" name="Default test" finished-at="2023-01-21T15:22:04 IST" duration-ms="8509">
      <class name="MavenPackage.Newlaunch">
        <test-method is-config="true" signature="beforeTest()[pri:0, instance:MavenPackage.Newlaunch@534a5a98]" started-at="2023-01-21T15:21:55 IST" name="beforeTest" finished-at="2023-01-21T15:21:59 IST" duration-ms="4085" status="PASS">
          <reporter-output>
          </reporter-output>
        </test-method> <!-- beforeTest -->
        <test-method signature="f()[pri:0, instance:MavenPackage.Newlaunch@534a5a98]" started-at="2023-01-21T15:21:59 IST" name="f" finished-at="2023-01-21T15:22:03 IST" duration-ms="3816" status="PASS">
          <reporter-output>
          </reporter-output>
        </test-method> <!-- f -->
        <test-method is-config="true" signature="afterTest()[pri:0, instance:MavenPackage.Newlaunch@534a5a98]" started-at="2023-01-21T15:22:03 IST" name="afterTest" finished-at="2023-01-21T15:22:04 IST" duration-ms="470" status="PASS">
          <reporter-output>
          </reporter-output>
        </test-method> <!-- afterTest -->
      </class> <!-- MavenPackage.Newlaunch -->
    </test> <!-- Default test -->
  </suite> <!-- Default suite -->
</testng-results>
